[2025-06-08 08:28:45.355] [Xeno] [trace] Xeno is maintained by Rizve. If you find any bugs or have any question please email rizve@xeno.onl
[2025-06-08 08:28:45.355] [Xeno] [info] Version: Xeno - v1.2.25
[2025-06-08 08:28:45.355] [Xeno] [info] Logs stored in logs/2025-06-08_08-28-45.log
[2025-06-08 08:28:45.356] [Xeno] [debug] Client Checker thread: 0x30161fda80
[2025-06-08 08:28:45.356] [Xeno] [debug] Xeno Caching thread: 0x30161fda70
[2025-06-08 08:28:45.356] [Xeno] [debug] WebSockets Cleaner thread: 0x30161fda60
[2025-06-08 08:28:45.356] [Xeno] [debug] Xeno Server thread: 0x30161fda50
[2025-06-08 08:28:45.356] [Cache] [info] File: C:\Users\noahh\AppData\Local\Temp\XENO_CACHE.bin
[2025-06-08 08:28:45.356] [Server] [info] Listening on http://localhost:3110
[2025-06-08 08:28:45.357] [Cache] [info] Reattaching to cached client PID: 10332
[2025-06-08 08:28:45.357] [Cache] [info] Loaded cache: 1 RBXClients, 0 RBXBytecode, 0 RBXMFlags, 1 RBXRenderViews
[2025-06-08 08:28:45.358] [Xeno] [info] Creating new RBXClient: 10332
[2025-06-08 08:28:45.358] [RBXClient] [info] [10332]: Initializing...
[2025-06-08 08:28:45.358] [RBXClient] [info] [10332]: Version: version-e1da58b32b1c4d64
[2025-06-08 08:28:45.358] [Xeno] [debug] Created RBXClient instance @0x193802f2ef0
[2025-06-08 08:28:45.358] [Xeno] [info] Successfully created RBXClient: 10332
[2025-06-08 08:28:45.359] [RBXClient] [debug] [10332]: Getting RenderView...
[2025-06-08 08:28:45.359] [RBXClient] [info] [10332]: RenderView retrieved from Cache: 0x23c9b57f130
[2025-06-08 08:28:45.359] [RBXClient] [debug] [10332]: DataModel: 0x23c92d82ed0
[2025-06-08 08:28:45.362] [RBXClient] [debug] [10332]: LocalPlayer: 0x23c9cb55050
[2025-06-08 08:28:45.363] [RBXClient] [debug] [10332]: LocalPlayer Name: 'RobloxScripts29'
[2025-06-08 08:28:45.373] [RBXClient] [info] [10332]: Bytecode was already set in menu. (cached)
[2025-06-08 08:28:49.691] [RBXClient] [trace] [10332]: Attach ping recieved, restored bytecode.
