[2025-06-08 09:23:52.974] [Xeno] [trace] Xeno is maintained by Rizve. If you find any bugs or have any question please email rizve@xeno.onl
[2025-06-08 09:23:52.974] [Xeno] [info] Version: Xeno - v1.2.25
[2025-06-08 09:23:52.974] [Xeno] [info] Logs stored in logs/2025-06-08_09-23-52.log
[2025-06-08 09:23:52.975] [Xeno] [debug] Client Checker thread: 0x96be3fe8d0
[2025-06-08 09:23:52.975] [Xeno] [debug] Xeno Caching thread: 0x96be3fe8c0
[2025-06-08 09:23:52.975] [Xeno] [debug] WebSockets Cleaner thread: 0x96be3fe8b0
[2025-06-08 09:23:52.975] [Xeno] [debug] Xeno Server thread: 0x96be3fe8a0
[2025-06-08 09:23:52.975] [Cache] [info] File: C:\Users\noahh\AppData\Local\Temp\XENO_CACHE.bin
[2025-06-08 09:23:52.976] [Server] [info] Listening on http://localhost:3110
[2025-06-08 09:23:52.976] [Cache] [info] Loaded cache: 0 RBXClients, 0 RBXBytecode, 0 RBXMFlags, 0 RBXRenderViews
[2025-06-08 09:23:52.988] [Xeno] [info] Creating new RBXClient: 32188
[2025-06-08 09:23:52.988] [RBXClient] [info] [32188]: Initializing...
[2025-06-08 09:23:52.989] [RBXClient] [info] [32188]: Version: version-e1da58b32b1c4d64
[2025-06-08 09:23:52.989] [Xeno] [debug] Created RBXClient instance @0x196a2524100
[2025-06-08 09:23:52.989] [Xeno] [info] Successfully created RBXClient: 32188
[2025-06-08 09:23:52.990] [RBXClient] [debug] [32188]: Getting RenderView...
[2025-06-08 09:23:53.204] [RBXClient] [debug] [32188]: String: 0x253ca113230
[2025-06-08 09:23:53.204] [RBXClient] [debug] [32188]: Renderview: 0x253bb1e2440
[2025-06-08 09:23:53.204] [RBXClient] [debug] [32188]: DataModel: 0x253b2850920
[2025-06-08 09:23:53.210] [RBXClient] [debug] [32188]: LocalPlayer: 0x253bc8c82d0
[2025-06-08 09:23:53.210] [RBXClient] [debug] [32188]: LocalPlayer Name: 'RobloxScripts29'
[2025-06-08 09:23:54.089] [RBXClient] [debug] [32188]: EventConnectionEmbedded: 0x253ba0522c0
[2025-06-08 09:23:54.091] [RBXClient] [debug] [32188]: EventConnectionEmbedded: 0x253fa727720
[2025-06-08 09:23:54.091] [RBXClient] [debug] [32188]: EventConnectionEmbedded: 0x253fa7399c0
[2025-06-08 09:23:54.091] [RBXClient] [info] [32188]: Bytecode has been successfully set in menu.
[2025-06-08 09:23:57.478] [RBXClient] [trace] [32188]: Attach ping recieved, restored bytecode.
