[2025-06-08 14:37:43.696] [Xeno] [trace] Xeno is maintained by Rizve. If you find any bugs or have any question please email rizve@xeno.onl
[2025-06-08 14:37:43.696] [Xeno] [info] Version: Xeno - v1.2.25
[2025-06-08 14:37:43.696] [Xeno] [info] Logs stored in logs/2025-06-08_14-37-43.log
[2025-06-08 14:37:43.696] [Xeno] [debug] Client Checker thread: 0xf797d2ed00
[2025-06-08 14:37:43.696] [Xeno] [debug] Xeno Caching thread: 0xf797d2ecf0
[2025-06-08 14:37:43.696] [Xeno] [debug] WebSockets Cleaner thread: 0xf797d2ece0
[2025-06-08 14:37:43.696] [Xeno] [debug] Xeno Server thread: 0xf797d2ecd0
[2025-06-08 14:37:43.697] [Cache] [info] File: C:\Users\noahh\AppData\Local\Temp\XENO_CACHE.bin
[2025-06-08 14:37:43.697] [Server] [info] Listening on http://localhost:3110
[2025-06-08 14:37:43.699] [Cache] [info] Reattaching to cached client PID: 24268
[2025-06-08 14:37:43.699] [Cache] [info] Loaded cache: 1 RBXClients, 0 RBXBytecode, 0 RBXMFlags, 1 RBXRenderViews
[2025-06-08 14:37:43.699] [Xeno] [info] Creating new RBXClient: 24268
[2025-06-08 14:37:43.699] [RBXClient] [info] [24268]: Initializing...
[2025-06-08 14:37:43.699] [RBXClient] [info] [24268]: Version: version-e1da58b32b1c4d64
[2025-06-08 14:37:43.699] [Xeno] [debug] Created RBXClient instance @0x2810880b5d0
[2025-06-08 14:37:43.699] [Xeno] [info] Successfully created RBXClient: 24268
[2025-06-08 14:37:43.700] [RBXClient] [debug] [24268]: Getting RenderView...
[2025-06-08 14:37:43.700] [RBXClient] [info] [24268]: RenderView retrieved from Cache: 0x205233917c0
[2025-06-08 14:37:43.700] [RBXClient] [debug] [24268]: DataModel: 0x2051a991ea0
[2025-06-08 14:37:43.701] [RBXClient] [debug] [24268]: LocalPlayer: 0x20524b39460
[2025-06-08 14:37:43.702] [RBXClient] [debug] [24268]: LocalPlayer Name: 'RobloxScripts29'
[2025-06-08 14:37:43.708] [RBXClient] [info] [24268]: Bytecode was already set in menu. (cached)
[2025-06-08 14:38:34.282] [RBXClient] [trace] [24268]: Attach ping recieved, restored bytecode.
