[2025-06-08 11:47:16.158] [Xeno] [trace] Xeno is maintained by Rizve. If you find any bugs or have any question please email rizve@xeno.onl
[2025-06-08 11:47:16.158] [Xeno] [info] Version: Xeno - v1.2.25
[2025-06-08 11:47:16.158] [Xeno] [info] Logs stored in logs/2025-06-08_11-47-16.log
[2025-06-08 11:47:16.159] [Xeno] [debug] Client Checker thread: 0xdc3ebfed90
[2025-06-08 11:47:16.159] [Xeno] [debug] Xeno Caching thread: 0xdc3ebfed80
[2025-06-08 11:47:16.159] [Xeno] [debug] WebSockets Cleaner thread: 0xdc3ebfed70
[2025-06-08 11:47:16.159] [Xeno] [debug] Xeno Server thread: 0xdc3ebfed60
[2025-06-08 11:47:16.159] [Cache] [info] File: C:\Users\noahh\AppData\Local\Temp\XENO_CACHE.bin
[2025-06-08 11:47:16.159] [Server] [info] Listening on http://localhost:3110
[2025-06-08 11:47:16.159] [Cache] [info] Loaded cache: 0 RBXClients, 0 RBXBytecode, 0 RBXMFlags, 0 RBXRenderViews
[2025-06-08 11:47:16.171] [Xeno] [info] Creating new RBXClient: 27832
[2025-06-08 11:47:16.171] [RBXClient] [info] [27832]: Initializing...
[2025-06-08 11:47:16.171] [RBXClient] [info] [27832]: Version: version-e1da58b32b1c4d64
[2025-06-08 11:47:16.171] [Xeno] [debug] Created RBXClient instance @0x2b9918fa1b0
[2025-06-08 11:47:16.171] [Xeno] [info] Successfully created RBXClient: 27832
[2025-06-08 11:47:16.172] [RBXClient] [debug] [27832]: Getting RenderView...
[2025-06-08 11:47:16.218] [RBXClient] [debug] [27832]: String: 0x15c0b04d5c0
[2025-06-08 11:47:16.218] [RBXClient] [debug] [27832]: Renderview: 0x15c77c7da20
[2025-06-08 11:47:16.218] [RBXClient] [debug] [27832]: DataModel: 0x15c6f4f5be0
[2025-06-08 11:47:16.221] [RBXClient] [debug] [27832]: LocalPlayer: 0x15c792f3860
[2025-06-08 11:47:16.221] [RBXClient] [debug] [27832]: LocalPlayer Name: 'RobloxScripts29'
[2025-06-08 11:47:16.996] [RBXClient] [debug] [27832]: EventConnectionEmbedded: 0x15c3e545150
[2025-06-08 11:47:16.996] [RBXClient] [debug] [27832]: EventConnectionEmbedded: 0x15c3f07a070
[2025-06-08 11:47:16.996] [RBXClient] [debug] [27832]: EventConnectionEmbedded: 0x15c7684a510
[2025-06-08 11:47:16.996] [RBXClient] [info] [27832]: Bytecode has been successfully set in menu.
[2025-06-08 11:47:40.166] [RBXClient] [trace] [27832]: Attach ping recieved, restored bytecode.
