[2025-06-08 09:13:21.459] [Xeno] [trace] Xeno is maintained by Rizve. If you find any bugs or have any question please email rizve@xeno.onl
[2025-06-08 09:13:21.459] [Xeno] [info] Version: Xeno - v1.2.25
[2025-06-08 09:13:21.459] [Xeno] [info] Logs stored in logs/2025-06-08_09-13-21.log
[2025-06-08 09:13:21.459] [Xeno] [debug] Client Checker thread: 0x8f78ffeb10
[2025-06-08 09:13:21.459] [Xeno] [debug] Xeno Caching thread: 0x8f78ffeb00
[2025-06-08 09:13:21.459] [Xeno] [debug] WebSockets Cleaner thread: 0x8f78ffeaf0
[2025-06-08 09:13:21.459] [Xeno] [debug] Xeno Server thread: 0x8f78ffeae0
[2025-06-08 09:13:21.459] [Cache] [info] File: C:\Users\noahh\AppData\Local\Temp\XENO_CACHE.bin
[2025-06-08 09:13:21.460] [Server] [info] Listening on http://localhost:3110
[2025-06-08 09:13:21.461] [Cache] [info] Loaded cache: 0 RBXClients, 0 RBXBytecode, 0 RBXMFlags, 0 RBXRenderViews
[2025-06-08 09:13:21.470] [Xeno] [info] Creating new RBXClient: 34424
[2025-06-08 09:13:21.470] [RBXClient] [info] [34424]: Initializing...
[2025-06-08 09:13:21.470] [RBXClient] [info] [34424]: Version: version-e1da58b32b1c4d64
[2025-06-08 09:13:21.470] [Xeno] [debug] Created RBXClient instance @0x22f87e35840
[2025-06-08 09:13:21.470] [Xeno] [info] Successfully created RBXClient: 34424
[2025-06-08 09:13:21.471] [RBXClient] [debug] [34424]: Getting RenderView...
[2025-06-08 09:13:21.581] [RBXClient] [debug] [34424]: String: 0x2129a323580
[2025-06-08 09:13:21.581] [RBXClient] [debug] [34424]: Renderview: 0x2128c3f16c0
[2025-06-08 09:13:21.581] [RBXClient] [debug] [34424]: DataModel: 0x21282e3ca90
[2025-06-08 09:13:21.585] [RBXClient] [debug] [34424]: LocalPlayer: 0x2128cb5f1b0
[2025-06-08 09:13:21.585] [RBXClient] [debug] [34424]: LocalPlayer Name: 'RobloxScripts29'
[2025-06-08 09:13:22.442] [RBXClient] [debug] [34424]: EventConnectionEmbedded: 0x2128a0b94c0
[2025-06-08 09:13:22.443] [RBXClient] [debug] [34424]: EventConnectionEmbedded: 0x212ccba9e00
[2025-06-08 09:13:22.443] [RBXClient] [debug] [34424]: EventConnectionEmbedded: 0x212ccbb93f0
[2025-06-08 09:13:22.443] [RBXClient] [info] [34424]: Bytecode has been successfully set in menu.
[2025-06-08 09:13:31.020] [Xeno] [info] Removed RBXClient: 34424
