[2025-06-08 08:59:57.163] [Xeno] [trace] Xeno is maintained by Rizve. If you find any bugs or have any question please email rizve@xeno.onl
[2025-06-08 08:59:57.163] [Xeno] [info] Version: Xeno - v1.2.25
[2025-06-08 08:59:57.163] [Xeno] [info] Logs stored in logs/2025-06-08_08-59-57.log
[2025-06-08 08:59:57.163] [Xeno] [debug] Client Checker thread: 0x362b68ef20
[2025-06-08 08:59:57.163] [Xeno] [debug] Xeno Caching thread: 0x362b68ef10
[2025-06-08 08:59:57.164] [Xeno] [debug] WebSockets Cleaner thread: 0x362b68ef00
[2025-06-08 08:59:57.164] [Cache] [info] File: C:\Users\noahh\AppData\Local\Temp\XENO_CACHE.bin
[2025-06-08 08:59:57.164] [Xeno] [debug] Xeno Server thread: 0x362b68eef0
[2025-06-08 08:59:57.164] [Server] [info] Listening on http://localhost:3110
[2025-06-08 08:59:57.165] [Cache] [info] Loaded cache: 0 RBXClients, 0 RBXBytecode, 0 RBXMFlags, 0 RBXRenderViews
[2025-06-08 08:59:57.175] [Xeno] [info] Creating new RBXClient: 9512
[2025-06-08 08:59:57.175] [RBXClient] [info] [9512]: Initializing...
[2025-06-08 08:59:57.175] [RBXClient] [info] [9512]: Version: version-e1da58b32b1c4d64
[2025-06-08 08:59:57.175] [Xeno] [debug] Created RBXClient instance @0x17b1a395b40
[2025-06-08 08:59:57.175] [Xeno] [info] Successfully created RBXClient: 9512
[2025-06-08 08:59:57.176] [RBXClient] [debug] [9512]: Getting RenderView...
[2025-06-08 08:59:57.408] [RBXClient] [debug] [9512]: String: 0x1acdf569d20
[2025-06-08 08:59:57.408] [RBXClient] [debug] [9512]: Renderview: 0x1acd8f50a50
[2025-06-08 08:59:57.409] [RBXClient] [debug] [9512]: DataModel: 0x1acd0723230
[2025-06-08 08:59:57.414] [RBXClient] [debug] [9512]: LocalPlayer: 0x1acda6b1040
[2025-06-08 08:59:57.414] [RBXClient] [debug] [9512]: LocalPlayer Name: 'RobloxScripts29'
[2025-06-08 08:59:58.198] [RBXClient] [debug] [9512]: EventConnectionEmbedded: 0x1ac97fc76b0
[2025-06-08 08:59:58.198] [RBXClient] [debug] [9512]: EventConnectionEmbedded: 0x1ac97fd8f00
[2025-06-08 08:59:58.198] [RBXClient] [debug] [9512]: EventConnectionEmbedded: 0x1acd7d9e200
[2025-06-08 08:59:58.198] [RBXClient] [info] [9512]: Bytecode has been successfully set in menu.
[2025-06-08 09:00:02.872] [Xeno] [info] Removed RBXClient: 9512
