[2025-06-08 09:10:57.534] [Xeno] [trace] Xeno is maintained by Rizve. If you find any bugs or have any question please email rizve@xeno.onl
[2025-06-08 09:10:57.534] [Xeno] [info] Version: Xeno - v1.2.25
[2025-06-08 09:10:57.534] [Xeno] [info] Logs stored in logs/2025-06-08_09-10-57.log
[2025-06-08 09:10:57.535] [Xeno] [debug] Client Checker thread: 0x47c4f7e8c0
[2025-06-08 09:10:57.535] [Xeno] [debug] Xeno Caching thread: 0x47c4f7e8b0
[2025-06-08 09:10:57.535] [Xeno] [debug] WebSockets Cleaner thread: 0x47c4f7e8a0
[2025-06-08 09:10:57.535] [Xeno] [debug] Xeno Server thread: 0x47c4f7e890
[2025-06-08 09:10:57.535] [Cache] [info] File: C:\Users\noahh\AppData\Local\Temp\XENO_CACHE.bin
[2025-06-08 09:10:57.535] [Server] [info] Listening on http://localhost:3110
[2025-06-08 09:10:57.537] [Cache] [info] Loaded cache: 0 RBXClients, 0 RBXBytecode, 0 RBXMFlags, 0 RBXRenderViews
[2025-06-08 09:10:57.545] [Xeno] [info] Creating new RBXClient: 23800
[2025-06-08 09:10:57.545] [RBXClient] [info] [23800]: Initializing...
[2025-06-08 09:10:57.545] [RBXClient] [info] [23800]: Version: version-e1da58b32b1c4d64
[2025-06-08 09:10:57.546] [Xeno] [debug] Created RBXClient instance @0x1cf081b73a0
[2025-06-08 09:10:57.546] [Xeno] [info] Successfully created RBXClient: 23800
[2025-06-08 09:10:57.546] [RBXClient] [debug] [23800]: Getting RenderView...
[2025-06-08 09:10:57.635] [RBXClient] [debug] [23800]: String: 0x24315b32760
[2025-06-08 09:10:57.635] [RBXClient] [debug] [23800]: Renderview: 0x2430b5917d0
[2025-06-08 09:10:57.635] [RBXClient] [debug] [23800]: DataModel: 0x24302d35410
[2025-06-08 09:10:57.639] [RBXClient] [debug] [23800]: LocalPlayer: 0x2430cbe3090
[2025-06-08 09:10:57.639] [RBXClient] [debug] [23800]: LocalPlayer Name: 'RobloxScripts29'
[2025-06-08 09:10:58.417] [RBXClient] [debug] [23800]: EventConnectionEmbedded: 0x2430a0a3e00
[2025-06-08 09:10:58.418] [RBXClient] [debug] [23800]: EventConnectionEmbedded: 0x2434b7e8040
[2025-06-08 09:10:58.418] [RBXClient] [debug] [23800]: EventConnectionEmbedded: 0x2434b8b7310
[2025-06-08 09:10:58.418] [RBXClient] [info] [23800]: Bytecode has been successfully set in menu.
[2025-06-08 09:11:03.887] [Xeno] [info] Removed RBXClient: 23800
