[2025-06-08 14:37:00.865] [Xeno] [trace] Xeno is maintained by Rizve. If you find any bugs or have any question please email rizve@xeno.onl
[2025-06-08 14:37:00.865] [Xeno] [info] Version: Xeno - v1.2.25
[2025-06-08 14:37:00.865] [Xeno] [info] Logs stored in logs/2025-06-08_14-37-00.log
[2025-06-08 14:37:00.865] [Xeno] [debug] Client Checker thread: 0xa9b79ff020
[2025-06-08 14:37:00.865] [Xeno] [debug] Xeno Caching thread: 0xa9b79ff010
[2025-06-08 14:37:00.865] [Xeno] [debug] WebSockets Cleaner thread: 0xa9b79ff000
[2025-06-08 14:37:00.865] [Xeno] [debug] Xeno Server thread: 0xa9b79feff0
[2025-06-08 14:37:00.865] [Cache] [info] File: C:\Users\noahh\AppData\Local\Temp\XENO_CACHE.bin
[2025-06-08 14:37:00.866] [Server] [info] Listening on http://localhost:3110
[2025-06-08 14:37:00.866] [Cache] [info] Reattaching to cached client PID: 24268
[2025-06-08 14:37:00.866] [Cache] [info] Loaded cache: 1 RBXClients, 0 RBXBytecode, 0 RBXMFlags, 1 RBXRenderViews
[2025-06-08 14:37:00.866] [Xeno] [info] Creating new RBXClient: 24268
[2025-06-08 14:37:00.866] [RBXClient] [info] [24268]: Initializing...
[2025-06-08 14:37:00.866] [RBXClient] [info] [24268]: Version: version-e1da58b32b1c4d64
[2025-06-08 14:37:00.866] [Xeno] [debug] Created RBXClient instance @0x22807e6b4c0
[2025-06-08 14:37:00.866] [Xeno] [info] Successfully created RBXClient: 24268
[2025-06-08 14:37:00.867] [RBXClient] [debug] [24268]: Getting RenderView...
[2025-06-08 14:37:00.867] [RBXClient] [info] [24268]: RenderView retrieved from Cache: 0x205233917c0
[2025-06-08 14:37:00.867] [RBXClient] [debug] [24268]: DataModel: 0x2051a991ea0
[2025-06-08 14:37:00.868] [RBXClient] [debug] [24268]: LocalPlayer: 0x20524b39460
[2025-06-08 14:37:00.869] [RBXClient] [debug] [24268]: LocalPlayer Name: 'RobloxScripts29'
[2025-06-08 14:37:00.875] [RBXClient] [info] [24268]: Bytecode was already set in menu. (cached)
