[2025-06-08 15:17:33.507] [Xeno] [trace] Xeno is maintained by Rizve. If you find any bugs or have any question please email rizve@xeno.onl
[2025-06-08 15:17:33.507] [Xeno] [info] Version: Xeno - v1.2.25
[2025-06-08 15:17:33.507] [Xeno] [info] Logs stored in logs/2025-06-08_15-17-33.log
[2025-06-08 15:17:33.509] [Xeno] [debug] Client Checker thread: 0x9a4c33e9c0
[2025-06-08 15:17:33.509] [Xeno] [debug] Xeno Caching thread: 0x9a4c33e9b0
[2025-06-08 15:17:33.509] [Xeno] [debug] WebSockets Cleaner thread: 0x9a4c33e9a0
[2025-06-08 15:17:33.509] [Xeno] [debug] Xeno Server thread: 0x9a4c33e990
[2025-06-08 15:17:33.509] [Cache] [info] File: C:\Users\noahh\AppData\Local\Temp\XENO_CACHE.bin
[2025-06-08 15:17:33.510] [Cache] [info] Reattaching to cached client PID: 9716
[2025-06-08 15:17:33.510] [Server] [info] Listening on http://localhost:3110
[2025-06-08 15:17:33.510] [Cache] [info] Loaded cache: 1 RBXClients, 0 RBXBytecode, 0 RBXMFlags, 1 RBXRenderViews
[2025-06-08 15:17:33.510] [Xeno] [info] Creating new RBXClient: 9716
[2025-06-08 15:17:33.510] [RBXClient] [info] [9716]: Initializing...
[2025-06-08 15:17:33.510] [RBXClient] [info] [9716]: Version: version-e1da58b32b1c4d64
[2025-06-08 15:17:33.510] [Xeno] [debug] Created RBXClient instance @0x1a69f6c5360
[2025-06-08 15:17:33.510] [Xeno] [info] Successfully created RBXClient: 9716
[2025-06-08 15:17:33.511] [RBXClient] [debug] [9716]: Getting RenderView...
[2025-06-08 15:17:33.511] [RBXClient] [info] [9716]: RenderView retrieved from Cache: 0x21ec0493010
[2025-06-08 15:17:33.511] [RBXClient] [debug] [9716]: DataModel: 0x21eb7d55a20
[2025-06-08 15:17:33.514] [RBXClient] [debug] [9716]: LocalPlayer: 0x21ec1a8cc00
[2025-06-08 15:17:33.514] [RBXClient] [debug] [9716]: LocalPlayer Name: 'RobloxScripts29'
[2025-06-08 15:17:33.522] [RBXClient] [info] [9716]: Bytecode was already set in menu. (cached)
[2025-06-08 15:17:44.209] [RBXClient] [trace] [9716]: Attach ping recieved, restored bytecode.
